<?xml version="1.0" encoding="UTF-8"?>
<!-- Generated by org.testng.reporters.JUnitXMLReporter -->
<testsuite ignored="1" hostname="Raja" failures="0" tests="1" name="Default test" time="0.078" errors="0" timestamp="2023-06-06T17:47:36 IST">
  <testcase classname="ArraysCoding.NumberOfWordInString" name="wordsInString" time="0.012"/>
  <testcase classname="ArraysCoding.NumberOfWordInString" name="numberOfWords" time="0.0">
    <ignored/>
  </testcase> <!-- numberOfWords -->
</testsuite> <!-- Default test -->
