<?xml version="1.0" encoding="UTF-8"?>
<!-- Generated by org.testng.reporters.JUnitXMLReporter -->
<testsuite hostname="Raja" ignored="1" name="Default test" tests="1" failures="0" timestamp="2023-06-14T13:35:25 IST" time="0.076" errors="0">
  <testcase name="concatinate" time="0.012" classname="java_basic.splitting_String_with_delimeter"/>
  <testcase name="split" time="0.0" classname="java_basic.splitting_String_with_delimeter">
    <ignored/>
  </testcase> <!-- split -->
</testsuite> <!-- Default test -->
