<?xml version="1.0" encoding="UTF-8"?>
<testng-results ignored="0" total="1" passed="1" failed="0" skipped="0">
  <reporter-output>
  </reporter-output>
  <suite started-at="2023-06-05T17:25:47 IST" name="Default suite" finished-at="2023-06-05T17:25:47 IST" duration-ms="47">
    <groups>
    </groups>
    <test started-at="2023-06-05T17:25:47 IST" name="Default test" finished-at="2023-06-05T17:25:47 IST" duration-ms="47">
      <class name="ArraysCoding.BinarySearch_Array">
        <test-method signature="Binary()[pri:0, instance:ArraysCoding.BinarySearch_Array@40cb8df7]" started-at="2023-06-05T17:25:47 IST" name="Binary" finished-at="2023-06-05T17:25:47 IST" duration-ms="9" status="PASS">
          <reporter-output>
          </reporter-output>
        </test-method> <!-- Binary -->
      </class> <!-- ArraysCoding.BinarySearch_Array -->
    </test> <!-- Default test -->
  </suite> <!-- Default suite -->
</testng-results>
