<?xml version="1.0" encoding="UTF-8"?>
<testng-results skipped="0" failed="0" ignored="1" total="2" passed="1">
  <reporter-output>
  </reporter-output>
  <suite name="Default suite" duration-ms="76" started-at="2023-06-14T13:35:25 IST" finished-at="2023-06-14T13:35:25 IST">
    <groups>
    </groups>
    <test name="Default test" duration-ms="76" started-at="2023-06-14T13:35:25 IST" finished-at="2023-06-14T13:35:25 IST">
      <class name="java_basic.splitting_String_with_delimeter">
        <test-method status="PASS" signature="concatinate()[pri:0, instance:java_basic.splitting_String_with_delimeter@4f063c0a]" name="concatinate" duration-ms="12" started-at="2023-06-14T13:35:25 IST" finished-at="2023-06-14T13:35:25 IST">
          <reporter-output>
          </reporter-output>
        </test-method> <!-- concatinate -->
      </class> <!-- java_basic.splitting_String_with_delimeter -->
    </test> <!-- Default test -->
  </suite> <!-- Default suite -->
</testng-results>
